This is XeTeX, Version 3.141592653-2.6-0.999996 (TeX Live 2024/Arch Linux) (preloaded format=xelatex 2024.8.20)  20 AUG 2024 21:11
entering extended mode
 restricted \write18 enabled.
 %&-line parsing enabled.
**therealemcee_final.tex
(./therealemcee_final.tex
LaTeX2e <2023-11-01> patch level 1
L3 programming layer <2024-02-20>
(/usr/share/texmf-dist/tex/latex/base/article.cls
Document Class: article 2023/05/17 v1.4n Standard LaTeX document class
(/usr/share/texmf-dist/tex/latex/base/size11.clo
File: size11.clo 2023/05/17 v1.4n Standard LaTeX file (size option)
)
\c@part=\count184
\c@section=\count185
\c@subsection=\count186
\c@subsubsection=\count187
\c@paragraph=\count188
\c@subparagraph=\count189
\c@figure=\count190
\c@table=\count191
\abovecaptionskip=\skip48
\belowcaptionskip=\skip49
\bibindent=\dimen140
)

! LaTeX Error: File `tcolorbox.sty' not found.

Type X to quit or <RETURN> to proceed,
or enter new name. (Default extension: sty)

Enter file name: x

! Emergency stop.
<read *> 
         
l.4     \usepackage
                   {parskip} % Stop auto-indenting (to mimic markdown behavi...
*** (cannot \read from terminal in nonstop modes)

 
Here is how much of TeX's memory you used:
 231 strings out of 476729
 2852 string characters out of 5802333
 1917839 words of memory out of 5000000
 22349 multiletter control sequences out of 15000+600000
 558077 words of font info for 37 fonts, out of 8000000 for 9000
 36 hyphenation exceptions out of 8191
 35i,0n,38p,135b,40s stack positions out of 10000i,1000n,20000p,200000b,200000s
No pages of output.
