! Started logfile: difmap.log on Thu Dec 19 13:45:22 2024
obs ../V1674HERD.FITS
! Reading UV FITS file: ../V1674HERD.FITS
! AN table 1: 6369 integrations on 36 of 36 possible baselines.
! Apparent sampling: 0.978389 visibilities/baseline/integration-bin.
! Found source: V1674HER
! 
! There are 4 IFs, and a total of 4 channels:
! 
!  IF  Channel    Frequency  Freq offset  Number of   Overall IF
!       origin    at origin  per channel   channels    bandwidth
!  ------------------------------------------------------------- (Hz)
!  01        1  4.67575e+09     1.28e+08          1     1.28e+08
!  02        2  4.80375e+09     1.28e+08          1     1.28e+08
!  03        3  4.93175e+09     1.28e+08          1     1.28e+08
!  04        4  5.05975e+09     1.28e+08          1     1.28e+08
! 
! Polarization(s): RR LL RL LR
! 
! Read 814 lines of history.
! 
! Reading 3589264 visibilities.
select i
! Selecting polarization: I,  channels: 1..4
! Reading IF 1 channels: 1..1
! Reading IF 2 channels: 2..2
! Reading IF 3 channels: 3..3
! Reading IF 4 channels: 4..4
mapsiz 2048, 0.15
! Map grid = 2048x2048 pixels with 0.150x0.150 milli-arcsec cellsize.
uvw, 0, -1
! Syntax error in line:
! uvw, 0, -1
!    ^
! Found operator: ,
! Where an operand was expected
! 
uvw 0, -1
! Uniform weighting is not currently selected.
! Gridding weights will be scaled by errors raised to the power -1.
! Radial weighting is not currently selected.
radpl
! Using default options string "m1"
! Move the cursor into the plot window and press 'H' for help
! Applying 14 buffered edits.
radpl
! Using default options string "m1"
! Move the cursor into the plot window and press 'H' for help
! Applying 54 buffered edits.
shiftto 18:57:30.978, +16:53:39.490
! Shifting UV data, models and windows by: 14.3538 (mas) East
! Shifting UV data, models and windows by: 50.0001 (mas) North
! Total accumulated eastward shift  = 14.3538 (mas).
! Total accumulated northward shift = 50.0001 (mas).
radpl
! Using default options string "m1"
! Move the cursor into the plot window and press 'H' for help
uvaver 6, true
! Averaging into 6 second bins.
! Selecting polarization: I,  channels: 1..4
! Reading IF 1 channels: 1..1
! Reading IF 2 channels: 2..2
! Reading IF 3 channels: 3..3
! Reading IF 4 channels: 4..4
radpl
! Using default options string "m1"
! Move the cursor into the plot window and press 'H' for help
! Applying 28 buffered edits.
radpl
! Using default options string "m1"
! Move the cursor into the plot window and press 'H' for help
vplot
! Using default options string "efbm3"
! For help move the cursor into the plot window and press 'H'.
mapl
! Inverting map and beam 
! Estimated beam: bmin=1.522 mas, bmaj=3.392 mas, bpa=-0.03513 degrees
! Estimated noise=0.00867641 mJy/beam.
! 
! Move the cursor into the plot window and press 'H' for help
modelfit 20
! Partitioning the model into established and variable parts.
! The fixed established model contains 0 components (0 Jy).
! The variable part of the model contains 1 components (0.000116259 Jy).
! There are 6 variables and 296927 usable visibilities.
! This gives 2 x 296927 - 6 = 593848 degrees of freedom.
! Reduced Chi-squared = Chi-squared / 593848.
! 
! Iteration 00: Reduced Chi-squared=1.4252428  Degrees of Freedom=593848
! ! Flux (Jy) Radius (mas)  Theta (deg)  Major (mas)  Axial ratio   Phi (deg) T \
! ! Freq (Hz)     SpecIndex
! 0.000116259v     3.13003v    -88.9239v     22.8916v    0.794318v    57.3391v 1 \
!  4.86775e+09           0 
! 
! Iteration 01: Reduced Chi-squared=1.4254783 (Increased)
! Iteration 02: Reduced Chi-squared=1.4254944 (Increased)
! Iteration 03: Reduced Chi-squared=1.4257186 (Increased)
! Iteration 04: Reduced Chi-squared=1.4264836 (Increased)
! 
! Iteration 05: Reduced Chi-squared=1.4251484  Degrees of Freedom=593848
! ! Flux (Jy) Radius (mas)  Theta (deg)  Major (mas)  Axial ratio   Phi (deg) T \
! ! Freq (Hz)     SpecIndex
! 0.000388812v     14.6597v    -92.9012v     37.3716v     0.00000v   -68.6931v 1 \
!  4.86775e+09           0 
! 
! Iteration 06: Reduced Chi-squared=1.4249040  Degrees of Freedom=593848
! ! Flux (Jy) Radius (mas)  Theta (deg)  Major (mas)  Axial ratio   Phi (deg) T \
! ! Freq (Hz)     SpecIndex
! 0.000424742v     12.2728v    -90.8358v     37.3116v   0.0993566v   -68.7969v 1 \
!  4.86775e+09           0 
! 
! Iteration 07: Reduced Chi-squared=1.4243653  Degrees of Freedom=593848
! ! Flux (Jy) Radius (mas)  Theta (deg)  Major (mas)  Axial ratio   Phi (deg) T \
! ! Freq (Hz)     SpecIndex
! 0.000614711v     6.79137v    -78.4445v     37.1432v    0.178281v   -69.1441v 1 \
!  4.86775e+09           0 
! 
! Iteration 08: Reduced Chi-squared=1.4239304  Degrees of Freedom=593848
! ! Flux (Jy) Radius (mas)  Theta (deg)  Major (mas)  Axial ratio   Phi (deg) T \
! ! Freq (Hz)     SpecIndex
! 0.00101235v     6.65752v    -67.9581v     36.4793v    0.113034v   -66.1081v 1 \
!  4.86775e+09           0 
! 
! Iteration 09: Reduced Chi-squared=1.4238309  Degrees of Freedom=593848
! ! Flux (Jy) Radius (mas)  Theta (deg)  Major (mas)  Axial ratio   Phi (deg) T \
! ! Freq (Hz)     SpecIndex
! 0.00119626v     7.40933v    -68.5736v     36.1273v    0.172273v   -65.0443v 1 \
!  4.86775e+09           0 
! 
! Iteration 10: Reduced Chi-squared=1.4237286  Degrees of Freedom=593848
! ! Flux (Jy) Radius (mas)  Theta (deg)  Major (mas)  Axial ratio   Phi (deg) T \
! ! Freq (Hz)     SpecIndex
! 0.00124059v     7.91820v    -68.2599v     34.9306v    0.194068v   -61.3246v 1 \
!  4.86775e+09           0 
! 
! Iteration 11: Reduced Chi-squared=1.4235521  Degrees of Freedom=593848
! ! Flux (Jy) Radius (mas)  Theta (deg)  Major (mas)  Axial ratio   Phi (deg) T \
! ! Freq (Hz)     SpecIndex
! 0.00116224v     7.77254v    -67.5918v     32.8019v    0.171580v   -54.7297v 1 \
!  4.86775e+09           0 
! 
! Iteration 12: Reduced Chi-squared=1.4234120  Degrees of Freedom=593848
! ! Flux (Jy) Radius (mas)  Theta (deg)  Major (mas)  Axial ratio   Phi (deg) T \
! ! Freq (Hz)     SpecIndex
! 0.00106836v     7.00785v    -67.7829v     30.7002v    0.118355v   -48.8180v 1 \
!  4.86775e+09           0 
! 
! Iteration 13: Reduced Chi-squared=1.4233650  Degrees of Freedom=593848
! ! Flux (Jy) Radius (mas)  Theta (deg)  Major (mas)  Axial ratio   Phi (deg) T \
! ! Freq (Hz)     SpecIndex
! 0.00101649v     6.28263v    -69.6604v     29.5118v   0.0855114v   -45.8363v 1 \
!  4.86775e+09           0 
! 
! Iteration 14: Reduced Chi-squared=1.4233564  Degrees of Freedom=593848
! ! Flux (Jy) Radius (mas)  Theta (deg)  Major (mas)  Axial ratio   Phi (deg) T \
! ! Freq (Hz)     SpecIndex
! 0.00100727v     5.81487v    -71.9970v     28.8549v   0.0862189v   -45.5215v 1 \
!  4.86775e+09           0 
! 
! Iteration 15: Reduced Chi-squared=1.4233403  Degrees of Freedom=593848
! ! Flux (Jy) Radius (mas)  Theta (deg)  Major (mas)  Axial ratio   Phi (deg) T \
! ! Freq (Hz)     SpecIndex
! 0.00100022v     5.77463v    -72.1691v     27.5346v   0.0945922v   -45.4224v 1 \
!  4.86775e+09           0 
! 
! Iteration 16: Reduced Chi-squared=1.4232834  Degrees of Freedom=593848
! ! Flux (Jy) Radius (mas)  Theta (deg)  Major (mas)  Axial ratio   Phi (deg) T \
! ! Freq (Hz)     SpecIndex
! 0.000978889v     5.70697v    -72.3986v     24.0519v    0.114599v   -45.4699v 1 \
!  4.86775e+09           0 
! 
! Iteration 17: Reduced Chi-squared=1.4229957  Degrees of Freedom=593848
! ! Flux (Jy) Radius (mas)  Theta (deg)  Major (mas)  Axial ratio   Phi (deg) T \
! ! Freq (Hz)     SpecIndex
! 0.000921850v     5.55273v    -72.6844v     12.4638v    0.256958v   -43.4691v 1 \
!  4.86775e+09           0 
! 
! Iteration 18: Reduced Chi-squared=1.4229637  Degrees of Freedom=593848
! ! Flux (Jy) Radius (mas)  Theta (deg)  Major (mas)  Axial ratio   Phi (deg) T \
! ! Freq (Hz)     SpecIndex
! 0.000958558v     5.28036v    -72.6666v     13.5761v    0.303601v   -45.4076v 1 \
!  4.86775e+09           0 
! 
! Iteration 19: Reduced Chi-squared=1.4229613  Degrees of Freedom=593848
! ! Flux (Jy) Radius (mas)  Theta (deg)  Major (mas)  Axial ratio   Phi (deg) T \
! ! Freq (Hz)     SpecIndex
! 0.000962362v     5.20873v    -73.0947v     13.2828v    0.340983v   -44.9753v 1 \
!  4.86775e+09           0 
! 
! Iteration 20: Reduced Chi-squared=1.4229608  Degrees of Freedom=593848
! ! Flux (Jy) Radius (mas)  Theta (deg)  Major (mas)  Axial ratio   Phi (deg) T \
! ! Freq (Hz)     SpecIndex
! 0.000972869v     5.19956v    -73.2337v     13.3391v    0.358268v   -45.4982v 1 \
!  4.86775e+09           0 
! 
modelfit 10
! Partitioning the model into established and variable parts.
! The fixed established model contains 0 components (0 Jy).
! The variable part of the model contains 1 components (0.000972869 Jy).
! There are 6 variables and 296927 usable visibilities.
! This gives 2 x 296927 - 6 = 593848 degrees of freedom.
! Reduced Chi-squared = Chi-squared / 593848.
! 
! Iteration 00: Reduced Chi-squared=1.4229608  Degrees of Freedom=593848
! ! Flux (Jy) Radius (mas)  Theta (deg)  Major (mas)  Axial ratio   Phi (deg) T \
! ! Freq (Hz)     SpecIndex
! 0.000972869v     5.19956v    -73.2337v     13.3391v    0.358268v   -45.4982v 1 \
!  4.86775e+09           0 
! 
! Iteration 01: Reduced Chi-squared=1.4229606  Degrees of Freedom=593848
! ! Flux (Jy) Radius (mas)  Theta (deg)  Major (mas)  Axial ratio   Phi (deg) T \
! ! Freq (Hz)     SpecIndex
! 0.000976007v     5.19947v    -73.2853v     13.2999v    0.367997v   -45.4612v 1 \
!  4.86775e+09           0 
! 
! Iteration 02: Reduced Chi-squared=1.4229606  Degrees of Freedom=593848
! ! Flux (Jy) Radius (mas)  Theta (deg)  Major (mas)  Axial ratio   Phi (deg) T \
! ! Freq (Hz)     SpecIndex
! 0.000978158v     5.19718v    -73.3295v     13.3038v    0.371931v   -45.5755v 1 \
!  4.86775e+09           0 
! 
! Iteration 03: Reduced Chi-squared=1.4229606  Degrees of Freedom=593848
! ! Flux (Jy) Radius (mas)  Theta (deg)  Major (mas)  Axial ratio   Phi (deg) T \
! ! Freq (Hz)     SpecIndex
! 0.000978915v     5.19719v    -73.3406v     13.2982v    0.373936v   -45.5721v 1 \
!  4.86775e+09           0 
! 
! Iteration 04: Reduced Chi-squared=1.4229606  Degrees of Freedom=593848
! ! Flux (Jy) Radius (mas)  Theta (deg)  Major (mas)  Axial ratio   Phi (deg) T \
! ! Freq (Hz)     SpecIndex
! 0.000979314v     5.19675v    -73.3503v     13.2983v    0.374713v   -45.5935v 1 \
!  4.86775e+09           0 
! 
! Iteration 05: Reduced Chi-squared=1.4229606  Degrees of Freedom=593848
! ! Flux (Jy) Radius (mas)  Theta (deg)  Major (mas)  Axial ratio   Phi (deg) T \
! ! Freq (Hz)     SpecIndex
! 0.000979469v     5.19675v    -73.3524v     13.2975v    0.375098v   -45.5933v 1 \
!  4.86775e+09           0 
! 
! Iteration 06: Reduced Chi-squared=1.4229606  Degrees of Freedom=593848
! ! Flux (Jy) Radius (mas)  Theta (deg)  Major (mas)  Axial ratio   Phi (deg) T \
! ! Freq (Hz)     SpecIndex
! 0.000979542v     5.19667v    -73.3543v     13.2974v    0.375247v   -45.5972v 1 \
!  4.86775e+09           0 
! 
! Iteration 07: Reduced Chi-squared=1.4229606  Degrees of Freedom=593848
! ! Flux (Jy) Radius (mas)  Theta (deg)  Major (mas)  Axial ratio   Phi (deg) T \
! ! Freq (Hz)     SpecIndex
! 0.000979573v     5.19666v    -73.3547v     13.2973v    0.375320v   -45.5973v 1 \
!  4.86775e+09           0 
! 
! Iteration 08: Reduced Chi-squared=1.4229606  Degrees of Freedom=593848
! ! Flux (Jy) Radius (mas)  Theta (deg)  Major (mas)  Axial ratio   Phi (deg) T \
! ! Freq (Hz)     SpecIndex
! 0.000979586v     5.19665v    -73.3551v     13.2972v    0.375348v   -45.5980v 1 \
!  4.86775e+09           0 
! 
! Iteration 09: Reduced Chi-squared=1.4229606  Degrees of Freedom=593848
! ! Flux (Jy) Radius (mas)  Theta (deg)  Major (mas)  Axial ratio   Phi (deg) T \
! ! Freq (Hz)     SpecIndex
! 0.000979592v     5.19665v    -73.3552v     13.2972v    0.375362v   -45.5980v 1 \
!  4.86775e+09           0 
! 
! Iteration 10: Reduced Chi-squared=1.4229606  Degrees of Freedom=593848
! ! Flux (Jy) Radius (mas)  Theta (deg)  Major (mas)  Axial ratio   Phi (deg) T \
! ! Freq (Hz)     SpecIndex
! 0.000979595v     5.19665v    -73.3552v     13.2972v    0.375367v   -45.5981v 1 \
!  4.86775e+09           0 
! 
modelfit 10
! Partitioning the model into established and variable parts.
! The fixed established model contains 0 components (0 Jy).
! The variable part of the model contains 1 components (0.000979595 Jy).
! There are 6 variables and 296927 usable visibilities.
! This gives 2 x 296927 - 6 = 593848 degrees of freedom.
! Reduced Chi-squared = Chi-squared / 593848.
! 
! Iteration 00: Reduced Chi-squared=1.4229606  Degrees of Freedom=593848
! ! Flux (Jy) Radius (mas)  Theta (deg)  Major (mas)  Axial ratio   Phi (deg) T \
! ! Freq (Hz)     SpecIndex
! 0.000979595v     5.19665v    -73.3552v     13.2972v    0.375367v   -45.5981v 1 \
!  4.86775e+09           0 
! 
! Iteration 01: Reduced Chi-squared=1.4229606 (Increased)
! 
! Iteration 02: Reduced Chi-squared=1.4229606  Degrees of Freedom=593848
! ! Flux (Jy) Radius (mas)  Theta (deg)  Major (mas)  Axial ratio   Phi (deg) T \
! ! Freq (Hz)     SpecIndex
! 0.000979596v     5.19665v    -73.3552v     13.2972v    0.375370v   -45.5981v 1 \
!  4.86775e+09           0 
! 
! Iteration 03: Reduced Chi-squared=1.4229606 (Increased)
! Iteration 04: Reduced Chi-squared=1.4229606 (Increased)
! 
! Iteration 05: Reduced Chi-squared=1.4229606  Degrees of Freedom=593848
! ! Flux (Jy) Radius (mas)  Theta (deg)  Major (mas)  Axial ratio   Phi (deg) T \
! ! Freq (Hz)     SpecIndex
! 0.000979596v     5.19664v    -73.3553v     13.2972v    0.375371v   -45.5981v 1 \
!  4.86775e+09           0 
! 
! Iteration 06: Reduced Chi-squared=1.4229606 (Increased)
! Iteration 07: Reduced Chi-squared=1.4229606 (Increased)
! 
! Iteration 08: Reduced Chi-squared=1.4229606  Degrees of Freedom=593848
! ! Flux (Jy) Radius (mas)  Theta (deg)  Major (mas)  Axial ratio   Phi (deg) T \
! ! Freq (Hz)     SpecIndex
! 0.000979596v     5.19664v    -73.3553v     13.2972v    0.375371v   -45.5981v 1 \
!  4.86775e+09           0 
! 
! Iteration 09: Reduced Chi-squared=1.4229606 (Increased)
! Iteration 10: Reduced Chi-squared=1.4229606 (Increased)
mapl
! Adding 1 model components to the UV plane model.
! The established model now contains 1 components and 0.000979596 Jy
! Inverting map 
! 
! Move the cursor into the plot window and press 'H' for help
mapl cln
! restore: Substituting estimate of restoring beam from last 'invert'.
! Restoring with beam: 1.522 x 3.392 at -0.03513 degrees (North through East)
! Clean map  min=-4.8631e-05  max=7.9574e-05 Jy/beam
! 
! Move the cursor into the plot window and press 'H' for help
selfcal false, false, 1000
! Performing phase self-cal over 1000 minute time intervals
! 
! Correcting IF 1.
!  A total of 861 telescope corrections were flagged in sub-array 1.
! 
! Correcting IF 2.
!  A total of 987 telescope corrections were flagged in sub-array 1.
! 
! Correcting IF 3.
!  A total of 861 telescope corrections were flagged in sub-array 1.
! 
! Correcting IF 4.
!  A total of 861 telescope corrections were flagged in sub-array 1.
! 
! Fit before self-cal, rms=0.008166Jy  sigma=1.192865
! Fit after  self-cal, rms=0.008166Jy  sigma=1.192779
mapl
! Inverting map and beam 
! Estimated beam: bmin=1.522 mas, bmaj=3.392 mas, bpa=-0.03513 degrees
! Estimated noise=0.00867641 mJy/beam.
! 
! Move the cursor into the plot window and press 'H' for help
clrmod true
! clrmod: Cleared the established and tentative models.
mapl
! Inverting map 
! 
! Move the cursor into the plot window and press 'H' for help
clean 100, 0.05
! clean: niter=100  gain=0.05  cutoff=0
! Component: 050  -  total flux cleaned = 0.000249254 Jy
! Component: 100  -  total flux cleaned = 0.000412143 Jy
! Total flux subtracted in 100 components = 0.000412143 Jy
! Clean residual min=-0.000056 max=0.000061 Jy/beam
! Clean residual mean=0.000000 rms=0.000016 Jy/beam
! Combined flux in latest and established models = 0.000412143 Jy
clean 500 0.001
! Syntax error in line:
! clean 500 0.001
!               ^
! Found constant: 0.001 
! Where an operator was expected
! 
clean 500, 0.001
! clean: niter=500  gain=0.001  cutoff=0
! Component: 050  -  total flux cleaned = 2.71046e-06 Jy
! Component: 100  -  total flux cleaned = 5.39113e-06 Jy
! Component: 150  -  total flux cleaned = 8.04907e-06 Jy
! Component: 200  -  total flux cleaned = 1.06868e-05 Jy
! Component: 250  -  total flux cleaned = 1.33059e-05 Jy
! Component: 300  -  total flux cleaned = 1.59068e-05 Jy
! Component: 350  -  total flux cleaned = 1.849e-05 Jy
! Component: 400  -  total flux cleaned = 2.10566e-05 Jy
! Component: 450  -  total flux cleaned = 2.36071e-05 Jy
! Component: 500  -  total flux cleaned = 2.61419e-05 Jy
! Total flux subtracted in 500 components = 2.61419e-05 Jy
! Clean residual min=-0.000056 max=0.000060 Jy/beam
! Clean residual mean=0.000000 rms=0.000015 Jy/beam
! Combined flux in latest and established models = 0.000438285 Jy
clean 500, 0.001
! clean: niter=500  gain=0.001  cutoff=0
! Component: 050  -  total flux cleaned = 2.51927e-06 Jy
! Component: 100  -  total flux cleaned = 5.02313e-06 Jy
! Component: 150  -  total flux cleaned = 7.51171e-06 Jy
! Component: 200  -  total flux cleaned = 9.98514e-06 Jy
! Component: 250  -  total flux cleaned = 1.24436e-05 Jy
! Component: 300  -  total flux cleaned = 1.4887e-05 Jy
! Component: 350  -  total flux cleaned = 1.73156e-05 Jy
! Component: 400  -  total flux cleaned = 1.97295e-05 Jy
! Component: 450  -  total flux cleaned = 2.21287e-05 Jy
! Component: 500  -  total flux cleaned = 2.45135e-05 Jy
! Total flux subtracted in 500 components = 2.45135e-05 Jy
! Clean residual min=-0.000055 max=0.000058 Jy/beam
! Clean residual mean=0.000000 rms=0.000015 Jy/beam
! Combined flux in latest and established models = 0.000462799 Jy
mapl
! 
! Move the cursor into the plot window and press 'H' for help
! The displayed area limits have been saved for the next use of mapplot.
clean 500, 0.001
! clean: niter=500  gain=0.001  cutoff=0
! Component: 050  -  total flux cleaned = 2.69536e-06 Jy
! Component: 100  -  total flux cleaned = 5.2592e-06 Jy
! Component: 150  -  total flux cleaned = 7.70013e-06 Jy
! Component: 200  -  total flux cleaned = 1.00828e-05 Jy
! Component: 250  -  total flux cleaned = 1.24429e-05 Jy
! Component: 300  -  total flux cleaned = 1.47838e-05 Jy
! Component: 350  -  total flux cleaned = 1.71071e-05 Jy
! Component: 400  -  total flux cleaned = 1.94146e-05 Jy
! Component: 450  -  total flux cleaned = 2.17074e-05 Jy
! Component: 500  -  total flux cleaned = 2.39856e-05 Jy
! Total flux subtracted in 500 components = 2.39856e-05 Jy
! Clean residual min=-0.000055 max=0.000056 Jy/beam
! Clean residual mean=0.000000 rms=0.000015 Jy/beam
! Combined flux in latest and established models = 0.000486785 Jy
clean 500, 0.001
! clean: niter=500  gain=0.001  cutoff=0
! Component: 050  -  total flux cleaned = 2.26382e-06 Jy
! Component: 100  -  total flux cleaned = 4.51336e-06 Jy
! Component: 150  -  total flux cleaned = 6.74868e-06 Jy
! Component: 200  -  total flux cleaned = 8.9705e-06 Jy
! Component: 250  -  total flux cleaned = 1.11793e-05 Jy
! Component: 300  -  total flux cleaned = 1.3375e-05 Jy
! Component: 350  -  total flux cleaned = 1.5558e-05 Jy
! Component: 400  -  total flux cleaned = 1.77285e-05 Jy
! Component: 450  -  total flux cleaned = 1.98868e-05 Jy
! Component: 500  -  total flux cleaned = 2.20329e-05 Jy
! Total flux subtracted in 500 components = 2.20329e-05 Jy
! Clean residual min=-0.000054 max=0.000055 Jy/beam
! Clean residual mean=0.000000 rms=0.000014 Jy/beam
! Combined flux in latest and established models = 0.000508818 Jy
mapol
! Syntax error in line:
! mapol
!     ^
! Unable to identify keyword "mapol"
! 
mapl
! 
! Move the cursor into the plot window and press 'H' for help
clean 500, 0.001
! clean: niter=500  gain=0.001  cutoff=0
! Component: 050  -  total flux cleaned = 2.13406e-06 Jy
! Component: 100  -  total flux cleaned = 4.25611e-06 Jy
! Component: 150  -  total flux cleaned = 6.36619e-06 Jy
! Component: 200  -  total flux cleaned = 8.46441e-06 Jy
! Component: 250  -  total flux cleaned = 1.05508e-05 Jy
! Component: 300  -  total flux cleaned = 1.26255e-05 Jy
! Component: 350  -  total flux cleaned = 1.46885e-05 Jy
! Component: 400  -  total flux cleaned = 1.67399e-05 Jy
! Component: 450  -  total flux cleaned = 1.87798e-05 Jy
! Component: 500  -  total flux cleaned = 2.08083e-05 Jy
! Total flux subtracted in 500 components = 2.08083e-05 Jy
! Clean residual min=-0.000054 max=0.000054 Jy/beam
! Clean residual mean=0.000000 rms=0.000014 Jy/beam
! Combined flux in latest and established models = 0.000529626 Jy
mapl
! 
! Move the cursor into the plot window and press 'H' for help
clean 500, 0.001
! clean: niter=500  gain=0.001  cutoff=0
! Component: 050  -  total flux cleaned = 2.01713e-06 Jy
! Component: 100  -  total flux cleaned = 4.02296e-06 Jy
! Component: 150  -  total flux cleaned = 6.01758e-06 Jy
! Component: 200  -  total flux cleaned = 8.0011e-06 Jy
! Component: 250  -  total flux cleaned = 9.97357e-06 Jy
! Component: 300  -  total flux cleaned = 1.19351e-05 Jy
! Component: 350  -  total flux cleaned = 1.38858e-05 Jy
! Component: 400  -  total flux cleaned = 1.58256e-05 Jy
! Component: 450  -  total flux cleaned = 1.77547e-05 Jy
! Component: 500  -  total flux cleaned = 1.96736e-05 Jy
! Total flux subtracted in 500 components = 1.96736e-05 Jy
! Clean residual min=-0.000054 max=0.000053 Jy/beam
! Clean residual mean=0.000000 rms=0.000014 Jy/beam
! Combined flux in latest and established models = 0.000549299 Jy
mapl
! 
! Move the cursor into the plot window and press 'H' for help
clean 500, 0.001
! clean: niter=500  gain=0.001  cutoff=0
! Component: 050  -  total flux cleaned = 1.90878e-06 Jy
! Component: 100  -  total flux cleaned = 3.80754e-06 Jy
! Component: 150  -  total flux cleaned = 5.69636e-06 Jy
! Component: 200  -  total flux cleaned = 7.57526e-06 Jy
! Component: 250  -  total flux cleaned = 9.4443e-06 Jy
! Component: 300  -  total flux cleaned = 1.13035e-05 Jy
! Component: 350  -  total flux cleaned = 1.3153e-05 Jy
! Component: 400  -  total flux cleaned = 1.49928e-05 Jy
! Component: 450  -  total flux cleaned = 1.6823e-05 Jy
! Component: 500  -  total flux cleaned = 1.86436e-05 Jy
! Total flux subtracted in 500 components = 1.86436e-05 Jy
! Clean residual min=-0.000053 max=0.000052 Jy/beam
! Clean residual mean=0.000000 rms=0.000014 Jy/beam
! Combined flux in latest and established models = 0.000567943 Jy
clean 500, 0.001
! clean: niter=500  gain=0.001  cutoff=0
! Component: 050  -  total flux cleaned = 1.81113e-06 Jy
! Component: 100  -  total flux cleaned = 3.61282e-06 Jy
! Component: 150  -  total flux cleaned = 5.40524e-06 Jy
! Component: 200  -  total flux cleaned = 7.18845e-06 Jy
! Component: 250  -  total flux cleaned = 8.96247e-06 Jy
! Component: 300  -  total flux cleaned = 1.07274e-05 Jy
! Component: 350  -  total flux cleaned = 1.24833e-05 Jy
! Component: 400  -  total flux cleaned = 1.42301e-05 Jy
! Component: 450  -  total flux cleaned = 1.5968e-05 Jy
! Component: 500  -  total flux cleaned = 1.7697e-05 Jy
! Total flux subtracted in 500 components = 1.7697e-05 Jy
! Clean residual min=-0.000053 max=0.000051 Jy/beam
! Clean residual mean=0.000000 rms=0.000013 Jy/beam
! Combined flux in latest and established models = 0.00058564 Jy
mapl
! 
! Move the cursor into the plot window and press 'H' for help
clean 500, 0.001
! clean: niter=500  gain=0.001  cutoff=0
! Component: 050  -  total flux cleaned = 1.72009e-06 Jy
! Component: 100  -  total flux cleaned = 3.43135e-06 Jy
! Component: 150  -  total flux cleaned = 5.13383e-06 Jy
! Component: 200  -  total flux cleaned = 6.82756e-06 Jy
! Component: 250  -  total flux cleaned = 8.51264e-06 Jy
! Component: 300  -  total flux cleaned = 1.01892e-05 Jy
! Component: 350  -  total flux cleaned = 1.18573e-05 Jy
! Component: 400  -  total flux cleaned = 1.3517e-05 Jy
! Component: 450  -  total flux cleaned = 1.51682e-05 Jy
! Component: 500  -  total flux cleaned = 1.68112e-05 Jy
! Total flux subtracted in 500 components = 1.68112e-05 Jy
! Clean residual min=-0.000053 max=0.000050 Jy/beam
! Clean residual mean=0.000000 rms=0.000013 Jy/beam
! Combined flux in latest and established models = 0.000602451 Jy
clean 500, 0.001
! clean: niter=500  gain=0.001  cutoff=0
! Component: 050  -  total flux cleaned = 1.63468e-06 Jy
! Component: 100  -  total flux cleaned = 3.2611e-06 Jy
! Component: 150  -  total flux cleaned = 4.87933e-06 Jy
! Component: 200  -  total flux cleaned = 6.48939e-06 Jy
! Component: 250  -  total flux cleaned = 8.09136e-06 Jy
! Component: 300  -  total flux cleaned = 9.68527e-06 Jy
! Component: 350  -  total flux cleaned = 1.12713e-05 Jy
! Component: 400  -  total flux cleaned = 1.28494e-05 Jy
! Component: 450  -  total flux cleaned = 1.44196e-05 Jy
! Component: 500  -  total flux cleaned = 1.59821e-05 Jy
! Total flux subtracted in 500 components = 1.59821e-05 Jy
! Clean residual min=-0.000052 max=0.000049 Jy/beam
! Clean residual mean=0.000000 rms=0.000013 Jy/beam
! Combined flux in latest and established models = 0.000618433 Jy
mapl
! 
! Move the cursor into the plot window and press 'H' for help
clean 500, 0.001
! clean: niter=500  gain=0.001  cutoff=0
! Component: 050  -  total flux cleaned = 1.5547e-06 Jy
! Component: 100  -  total flux cleaned = 3.10171e-06 Jy
! Component: 150  -  total flux cleaned = 4.64102e-06 Jy
! Component: 200  -  total flux cleaned = 6.17272e-06 Jy
! Component: 250  -  total flux cleaned = 7.69683e-06 Jy
! Component: 300  -  total flux cleaned = 9.21341e-06 Jy
! Component: 350  -  total flux cleaned = 1.07225e-05 Jy
! Component: 400  -  total flux cleaned = 1.22241e-05 Jy
! Component: 450  -  total flux cleaned = 1.37182e-05 Jy
! Component: 500  -  total flux cleaned = 1.52051e-05 Jy
! Total flux subtracted in 500 components = 1.52051e-05 Jy
! Clean residual min=-0.000052 max=0.000048 Jy/beam
! Clean residual mean=0.000000 rms=0.000013 Jy/beam
! Combined flux in latest and established models = 0.000633639 Jy
clean 500, 0.001
! clean: niter=500  gain=0.001  cutoff=0
! Component: 050  -  total flux cleaned = 1.47952e-06 Jy
! Component: 100  -  total flux cleaned = 2.95175e-06 Jy
! Component: 150  -  total flux cleaned = 4.41674e-06 Jy
! Component: 200  -  total flux cleaned = 5.87452e-06 Jy
! Component: 250  -  total flux cleaned = 7.32513e-06 Jy
! Component: 300  -  total flux cleaned = 8.76861e-06 Jy
! Component: 350  -  total flux cleaned = 1.0205e-05 Jy
! Component: 400  -  total flux cleaned = 1.16343e-05 Jy
! Component: 450  -  total flux cleaned = 1.30566e-05 Jy
! Component: 500  -  total flux cleaned = 1.44719e-05 Jy
! Total flux subtracted in 500 components = 1.44719e-05 Jy
! Clean residual min=-0.000052 max=0.000048 Jy/beam
! Clean residual mean=0.000000 rms=0.000013 Jy/beam
! Combined flux in latest and established models = 0.00064811 Jy
mapl
! 
! Move the cursor into the plot window and press 'H' for help
clean 500, 0.001
! clean: niter=500  gain=0.001  cutoff=0
! Component: 050  -  total flux cleaned = 1.40835e-06 Jy
! Component: 100  -  total flux cleaned = 2.80981e-06 Jy
! Component: 150  -  total flux cleaned = 4.20438e-06 Jy
! Component: 200  -  total flux cleaned = 5.59211e-06 Jy
! Component: 250  -  total flux cleaned = 6.97304e-06 Jy
! Component: 300  -  total flux cleaned = 8.34721e-06 Jy
! Component: 350  -  total flux cleaned = 9.71486e-06 Jy
! Component: 400  -  total flux cleaned = 1.1076e-05 Jy
! Component: 450  -  total flux cleaned = 1.24308e-05 Jy
! Component: 500  -  total flux cleaned = 1.37791e-05 Jy
! Total flux subtracted in 500 components = 1.37791e-05 Jy
! Clean residual min=-0.000051 max=0.000047 Jy/beam
! Clean residual mean=0.000000 rms=0.000013 Jy/beam
! Combined flux in latest and established models = 0.000661889 Jy
clean 500, 0.001
! clean: niter=500  gain=0.001  cutoff=0
! Component: 050  -  total flux cleaned = 1.34197e-06 Jy
! Component: 100  -  total flux cleaned = 2.67758e-06 Jy
! Component: 150  -  total flux cleaned = 4.0069e-06 Jy
! Component: 200  -  total flux cleaned = 5.32994e-06 Jy
! Component: 250  -  total flux cleaned = 6.64674e-06 Jy
! Component: 300  -  total flux cleaned = 7.95733e-06 Jy
! Component: 350  -  total flux cleaned = 9.26176e-06 Jy
! Component: 400  -  total flux cleaned = 1.05601e-05 Jy
! Component: 450  -  total flux cleaned = 1.18524e-05 Jy
! Component: 500  -  total flux cleaned = 1.31387e-05 Jy
! Total flux subtracted in 500 components = 1.31387e-05 Jy
! Clean residual min=-0.000051 max=0.000047 Jy/beam
! Clean residual mean=0.000000 rms=0.000013 Jy/beam
! Combined flux in latest and established models = 0.000675028 Jy
mapl
! 
! Move the cursor into the plot window and press 'H' for help
mapl cln
! restore: Substituting estimate of restoring beam from last 'invert'.
! Restoring with beam: 1.522 x 3.392 at -0.03513 degrees (North through East)
! Clean map  min=-5.0631e-05  max=0.00010419 Jy/beam
! 
! Move the cursor into the plot window and press 'H' for help
exit
! Exiting program
! Writing UV FITS file: 12192024.uvf
! Writing 157 model components to file: 12192024.mod
! wwins: Wrote 3 windows to 12192024.win
! Adding 157 model components to the UV plane model.
! The established model now contains 157 components and 0.000675028 Jy
! Inverting map 
! restore: Substituting estimate of restoring beam from last 'invert'.
! Restoring with beam: 1.522 x 3.392 at -0.03513 degrees (North through East)
! Clean map  min=-5.0632e-05  max=0.00010419 Jy/beam
! Writing clean map to FITS file: 12192024.fits
! Writing difmap environment to: 12192024.par
! Log file difmap.log closed on Thu Dec 19 13:54:33 2024
